spNrj : sigma ~ unif, N ~ Negbin(),  lambda ~ unif, s ~ unif 

initial values = 3.326343 0.9427012 417 

Warning messages:
1: In for (i in seq_along(cenv$extra)) { ... :
  closing unused connection 22 (<-localhost:11728)
2: In for (i in seq_along(cenv$extra)) { ... :
  closing unused connection 21 (<-localhost:11728)
3: In for (i in seq_along(cenv$extra)) { ... :
  closing unused connection 20 (<-localhost:11728)
4: In for (i in seq_along(cenv$extra)) { ... :
  closing unused connection 19 (<-localhost:11728)
5: In for (i in seq_along(cenv$extra)) { ... :
  closing unused connection 18 (<-localhost:11728)
6: In for (i in seq_along(cenv$extra)) { ... :
  closing unused connection 17 (<-localhost:11728)
7: In for (i in seq_along(cenv$extra)) { ... :
  closing unused connection 16 (<-localhost:11728)
8: In for (i in seq_along(cenv$extra)) { ... :
  closing unused connection 15 (<-localhost:11728)
9: In for (i in seq_along(cenv$extra)) { ... :
  closing unused connection 14 (<-localhost:11728)
10: In for (i in seq_along(cenv$extra)) { ... :
  closing unused connection 13 (<-localhost:11728)
11: In for (i in seq_along(cenv$extra)) { ... :
  closing unused connection 12 (<-localhost:11728)
12: In for (i in seq_along(cenv$extra)) { ... :
  closing unused connection 11 (<-localhost:11728)
13: In for (i in seq_along(cenv$extra)) { ... :
  closing unused connection 10 (<-localhost:11728)
14: In for (i in seq_along(cenv$extra)) { ... :
  closing unused connection 9 (<-localhost:11728)
15: In for (i in seq_along(cenv$extra)) { ... :
  closing unused connection 8 (<-localhost:11728)
16: In for (i in seq_along(cenv$extra)) { ... :
  closing unused connection 7 (<-localhost:11728)
17: In for (i in seq_along(cenv$extra)) { ... :
  closing unused connection 6 (<-localhost:11728)
18: In for (i in seq_along(cenv$extra)) { ... :
  closing unused connection 5 (<-localhost:11728)
19: In for (i in seq_along(cenv$extra)) { ... :
  closing unused connection 4 (<-localhost:11728)
20: In for (i in seq_along(cenv$extra)) { ... :
  closing unused connection 3 (<-localhost:11728)
spNrj : sigma ~ unif, N ~ Negbin(),  lambda ~ unif, s ~ unif 

initial values = 3.208042 0.8068869 467 

[1] "1"
spNrj : sigma ~ unif, N ~ Negbin(),  lambda ~ unif, s ~ unif 

initial values = 0.7024438 0.3412252 224 

spNrj : sigma ~ unif, N ~ Negbin(),  lambda ~ unif, s ~ unif 

initial values = 3.85233 0.6222796 370 

iter 1000 22:30:13 
current = 0.7336881 0.5752436 24 
  Acceptance rates
    S = 0.03413822 
    N = 0.02933333 
    lam0 = 0.2 
    sigma = 0.18 
iter 2000 22:30:23 
current = 0.8601681 0.4295673 23 
  Acceptance rates
    S = 0.03991323 
    N = 0.03533333 
    lam0 = 0.18 
    sigma = 0.3 
iter 3000 22:30:34 
current = 0.7862703 0.4083911 27 
  Acceptance rates
    S = 0.06544202 
    N = 0.05133333 
    lam0 = 0.18 
    sigma = 0.31 
iter 4000 22:30:44 
current = 0.7905338 0.4301723 26 
  Acceptance rates
    S = 0.06288344 
    N = 0.03733333 
    lam0 = 0.11 
    sigma = 0.26 
iter 5000 22:30:55 
current = 1.019732 0.4047842 24 
  Acceptance rates
    S = 0.0639643 
    N = 0.05866667 
    lam0 = 0.15 
    sigma = 0.43 
iter 6000 22:31:06 
current = 0.8474662 0.430217 21 
  Acceptance rates
    S = 0.04283674 
    N = 0.02733333 
    lam0 = 0.21 
    sigma = 0.37 
iter 7000 22:31:15 
current = 0.8091627 0.5014269 21 
  Acceptance rates
    S = 0.04316888 
    N = 0.044 
    lam0 = 0.16 
    sigma = 0.22 
iter 8000 22:31:25 
current = 0.8301222 0.4551665 21 
  Acceptance rates
    S = 0.04688909 
    N = 0.04266667 
    lam0 = 0.08 
    sigma = 0.32 
iter 9000 22:31:35 
current = 0.7263237 0.4520079 23 
  Acceptance rates
    S = 0.04710296 
    N = 0.06333333 
    lam0 = 0.1 
    sigma = 0.36 
iter 10000 22:31:46 
current = 0.8427391 0.3989929 26 
  Acceptance rates
    S = 0.07124589 
    N = 0.074 
    lam0 = 0.15 
    sigma = 0.31 
end of the sampling, 
$out
             sigma      lam0   N
    [1,] 3.8523295 0.6222796 334
    [2,] 3.8523295 0.6184783 290
    [3,] 3.8527817 0.6184783 222
    [4,] 3.8527817 0.6184783 187
    [5,] 3.8527817 0.6127538 140
    [6,] 3.7938401 0.5257375  78
    [7,] 3.7513214 0.5257375  43
    [8,] 3.6457929 0.5257375  43
    [9,] 3.6309348 0.4781672  22
   [10,] 3.6309348 0.4781672  25
   [11,] 3.6309348 0.4781672  24
   [12,] 3.6309348 0.4781672  24
   [13,] 3.4567200 0.4529733  24
   [14,] 3.4323885 0.3866954  24
   [15,] 3.5056257 0.3866954  24
   [16,] 3.3440567 0.3866954  24
   [17,] 3.3095245 0.3866954  24
   [18,] 3.2573879 0.3866954  24
   [19,] 3.1839035 0.3866954  24
   [20,] 3.1163348 0.3866954  24
   [21,] 3.1163348 0.3866954  25
   [22,] 2.9856487 0.3866954  25
   [23,] 2.8917586 0.3866954  25
   [24,] 2.8589217 0.3866954  25
   [25,] 2.7351039 0.3866954  25
   [26,] 2.7351039 0.3866954  25
   [27,] 2.5977606 0.3866954  25
   [28,] 2.5068085 0.3866954  25
   [29,] 2.2594094 0.3866954  25
   [30,] 2.2619803 0.3866954  25
   [31,] 2.2619803 0.3866954  25
   [32,] 2.2619803 0.3866954  25
   [33,] 2.2715901 0.3866954  25
   [34,] 2.2715901 0.3866954  25
   [35,] 2.2715901 0.3866954  24
   [36,] 2.2715901 0.3866954  24
   [37,] 2.2715901 0.3866954  24
   [38,] 2.2461536 0.3866954  24
   [39,] 2.2602941 0.3866954  24
   [40,] 2.2421370 0.3866954  24
   [41,] 2.1118948 0.3866954  24
   [42,] 2.0612189 0.3945024  24
   [43,] 2.0612189 0.3945024  24
   [44,] 2.0419663 0.3945024  24
   [45,] 2.0085151 0.3945024  24
   [46,] 1.8943809 0.3945024  25
   [47,] 1.8943809 0.3945024  25
   [48,] 1.8943809 0.3945024  24
   [49,] 1.8943809 0.3945024  24
   [50,] 1.8943809 0.3912970  24
   [51,] 1.7615630 0.3912970  24
   [52,] 1.7615630 0.3912970  24
   [53,] 1.7357028 0.3912970  24
   [54,] 1.7357028 0.3912970  24
   [55,] 1.7636403 0.3912970  24
   [56,] 1.7636403 0.3912970  25
   [57,] 1.7636403 0.3912970  24
   [58,] 1.7609571 0.3912970  24
   [59,] 1.7609571 0.3912970  24
   [60,] 1.7431786 0.3912970  24
   [61,] 1.7431786 0.3912970  24
   [62,] 1.7431786 0.3912970  24
   [63,] 1.7431786 0.3912970  24
   [64,] 1.7434684 0.3912970  25
   [65,] 1.7312043 0.3912970  25
   [66,] 1.7312043 0.3912970  25
   [67,] 1.7312043 0.3912970  24
   [68,] 1.6175518 0.3912970  24
   [69,] 1.6589246 0.3912970  24
   [70,] 1.6589246 0.4087075  24
   [71,] 1.6710939 0.4087075  24
   [72,] 1.6658618 0.4087075  24
   [73,] 1.6828969 0.4087075  24
   [74,] 1.6784322 0.3915999  24
   [75,] 1.6927225 0.3915999  24
   [76,] 1.6653574 0.3915999  24
   [77,] 1.6867828 0.4180071  24
   [78,] 1.6867828 0.4180071  24
   [79,] 1.6867828 0.4184103  24
   [80,] 1.6867828 0.4184103  24
   [81,] 1.6778784 0.4184103  24
   [82,] 1.6778784 0.4184103  24
   [83,] 1.6456431 0.4184103  24
   [84,] 1.5110497 0.4184103  24
   [85,] 1.5110497 0.4184103  24
   [86,] 1.5899541 0.4184103  24
   [87,] 1.4829757 0.4155221  24
   [88,] 1.6329204 0.4155221  24
   [89,] 1.6207121 0.4155221  24
   [90,] 1.5214091 0.4155221  24
   [91,] 1.5422223 0.4155221  24
   [92,] 1.5422223 0.4155221  24
   [93,] 1.5422223 0.4155221  24
   [94,] 1.4201457 0.4155221  24
   [95,] 1.4145053 0.4155221  24
   [96,] 1.4145053 0.4471788  24
   [97,] 1.3041357 0.4471788  24
   [98,] 1.3124410 0.4471788  24
   [99,] 1.3544533 0.4471788  24
  [100,] 1.2544058 0.4471788  24
  [101,] 1.2303612 0.4471788  24
  [102,] 1.0928144 0.4810684  24
  [103,] 1.0928144 0.4810684  24
  [104,] 1.0928144 0.4810684  24
  [105,] 1.0853507 0.4810684  24
  [106,] 1.0956051 0.4810684  24
  [107,] 1.0956051 0.4753750  24
  [108,] 1.0877896 0.4715892  24
  [109,] 1.0877896 0.4715892  24
  [110,] 1.0877896 0.4715892  24
  [111,] 1.0877896 0.4715892  24
  [112,] 1.0877896 0.4715892  24
  [113,] 1.0877896 0.4715892  24
  [114,] 1.0877896 0.4715892  24
  [115,] 1.0877896 0.4715892  24
  [116,] 1.0840489 0.4715892  24
  [117,] 1.0840489 0.4715892  24
  [118,] 1.0742252 0.4715892  24
  [119,] 1.0742252 0.4715892  24
  [120,] 1.0742252 0.4707119  25
  [121,] 1.0742252 0.4707119  25
  [122,] 1.0497087 0.4707119  25
  [123,] 1.0497087 0.4707119  25
  [124,] 1.0497087 0.4707119  24
  [125,] 1.0497087 0.4707119  24
  [126,] 1.0497087 0.4707119  24
  [127,] 1.1321195 0.4743228  24
  [128,] 1.1321195 0.4743228  24
  [129,] 1.1321195 0.4743228  24
  [130,] 1.1676874 0.4743228  24
  [131,] 1.1676874 0.4743228  24
  [132,] 1.1676874 0.4743228  24
  [133,] 1.1688539 0.4743228  24
  [134,] 1.1688539 0.4743228  24
  [135,] 1.0908160 0.4743228  24
  [136,] 1.0908160 0.4743228  24
  [137,] 1.0829639 0.4743228  24
  [138,] 1.0829639 0.4743228  24
  [139,] 1.0829639 0.4743228  24
  [140,] 1.0829639 0.4743228  24
  [141,] 1.0829639 0.4915264  24
  [142,] 1.0829639 0.4915264  24
  [143,] 1.0670061 0.4915264  24
  [144,] 1.0670061 0.4969237  24
  [145,] 1.0412914 0.4969237  24
  [146,] 1.0412914 0.4969237  24
  [147,] 1.0412914 0.4969237  24
  [148,] 1.0335476 0.4969237  24
  [149,] 1.0335476 0.4969237  24
  [150,] 1.0335476 0.4969237  24
  [151,] 1.0201538 0.4969237  24
  [152,] 1.0479089 0.4969237  24
  [153,] 1.0841319 0.4969237  24
  [154,] 1.0593786 0.4969237  24
  [155,] 1.0314295 0.4969237  24
  [156,] 1.0718123 0.4969237  24
  [157,] 1.0718123 0.4969237  24
  [158,] 1.0718123 0.4969237  24
  [159,] 0.9794075 0.4969237  24
  [160,] 0.9794075 0.4969237  24
  [161,] 1.0810645 0.4969237  24
  [162,] 1.0704911 0.4969237  24
  [163,] 1.0704911 0.4969237  24
  [164,] 1.0704911 0.4969237  24
  [165,] 1.0289150 0.4969237  24
  [166,] 1.0289150 0.4969237  24
  [167,] 1.0289150 0.4969237  24
  [168,] 1.0289150 0.4969237  24
  [169,] 0.9899522 0.4969237  24
  [170,] 0.9899522 0.4969237  24
  [171,] 0.9899522 0.4969237  24
  [172,] 0.9899522 0.5010720  24
  [173,] 0.9899522 0.4890846  24
  [174,] 0.9899522 0.4890846  24
  [175,] 0.9899522 0.4890846  24
  [176,] 1.0426973 0.4890846  24
  [177,] 1.0426973 0.4890846  24
  [178,] 1.0426973 0.4949509  24
  [179,] 1.0426973 0.4949509  24
  [180,] 1.0426973 0.4949509  24
  [181,] 0.9682789 0.4949509  24
  [182,] 0.9682789 0.4949509  24
  [183,] 0.9682789 0.4949509  24
  [184,] 0.9682789 0.4949509  24
  [185,] 0.9760305 0.4949509  24
  [186,] 1.0248474 0.4949509  25
  [187,] 1.0248474 0.4949509  24
  [188,] 1.0248474 0.4949509  24
  [189,] 1.0248474 0.4949509  24
  [190,] 1.0248474 0.4949509  24
  [191,] 1.0248474 0.4949509  24
  [192,] 1.0248474 0.4949509  24
  [193,] 1.0259793 0.4949509  24
  [194,] 1.0111769 0.4949509  24
  [195,] 1.0108490 0.4949509  24
  [196,] 1.0108490 0.4949509  24
  [197,] 1.0408591 0.4949509  24
  [198,] 0.9732253 0.4949509  24
  [199,] 0.9824688 0.4949509  24
  [200,] 1.0060620 0.4949509  24
  [201,] 1.0060620 0.4935966  24
  [202,] 1.0245698 0.4935966  24
  [203,] 1.0687008 0.4935966  24
  [204,] 1.0687008 0.4935966  24
  [205,] 1.0687008 0.4944155  24
  [206,] 1.0368455 0.4944155  24
  [207,] 1.0368455 0.4944155  24
  [208,] 1.0368455 0.4944155  24
  [209,] 1.1390214 0.4944155  24
  [210,] 1.1107997 0.4944155  24
  [211,] 1.1107997 0.4944155  24
  [212,] 1.0093889 0.4944155  24
  [213,] 1.0815853 0.4944155  24
  [214,] 1.0815853 0.4864055  24
  [215,] 1.0815853 0.4864055  24
  [216,] 1.0681523 0.4864055  25
  [217,] 1.0681523 0.4864055  25
  [218,] 1.0681523 0.4864055  24
  [219,] 1.0681523 0.4864055  24
  [220,] 1.1293362 0.4864055  24
  [221,] 1.1180229 0.4864055  24
  [222,] 1.1045936 0.4864055  24
  [223,] 1.0705307 0.4864055  24
  [224,] 1.0705307 0.4864055  24
  [225,] 1.0705307 0.4864055  24
  [226,] 1.0705307 0.4864055  24
  [227,] 1.0705307 0.4864055  24
  [228,] 1.0478608 0.4864055  24
  [229,] 1.0478608 0.4864055  24
  [230,] 1.0478608 0.4864055  25
  [231,] 1.0478608 0.4864055  24
  [232,] 1.0478608 0.4748043  24
  [233,] 1.0478608 0.4748043  24
  [234,] 1.1038375 0.4748043  24
  [235,] 1.1038375 0.4748043  24
  [236,] 1.1136447 0.4851929  24
  [237,] 1.1136447 0.4851929  24
  [238,] 1.1136447 0.4851929  24
  [239,] 1.1339452 0.4851929  24
  [240,] 1.1339452 0.4851929  25
  [241,] 1.0060918 0.4851929  24
  [242,] 1.0938316 0.4851929  24
  [243,] 1.0938316 0.4851929  24
  [244,] 1.0410408 0.4851929  24
  [245,] 1.0410408 0.4851929  24
  [246,] 1.0410408 0.4851929  24
  [247,] 1.0498044 0.4853922  24
  [248,] 1.0950368 0.4853922  24
  [249,] 1.1353937 0.4853922  24
  [250,] 1.0682880 0.4853922  24
  [251,] 1.0682880 0.4853922  24
  [252,] 1.0550786 0.4853922  24
  [253,] 1.0550786 0.4886335  24
  [254,] 1.0017209 0.4886335  24
  [255,] 1.0017209 0.4886335  24
  [256,] 1.0152069 0.4886335  24
  [257,] 1.0326591 0.4886335  24
  [258,] 1.0918282 0.4718941  24
  [259,] 1.0918282 0.4718941  24
  [260,] 1.0918282 0.4718941  24
  [261,] 1.0918282 0.4718941  24
  [262,] 1.0918282 0.4718941  24
  [263,] 1.1325886 0.4718941  24
  [264,] 1.0349291 0.4718941  24
  [265,] 1.0349291 0.4718941  24
  [266,] 1.0486002 0.5053927  24
  [267,] 1.0196082 0.5053927  24
  [268,] 1.0196082 0.5053927  24
  [269,] 1.0330511 0.5053927  24
  [270,] 1.0203087 0.4978450  24
  [271,] 1.0203087 0.5155724  24
  [272,] 1.0203087 0.5155724  24
  [273,] 1.0203087 0.5155724  24
  [274,] 1.0203087 0.5155724  24
  [275,] 1.0203087 0.5155724  24
  [276,] 0.9827456 0.5155724  24
  [277,] 0.9827456 0.5155724  24
  [278,] 0.9827456 0.5155724  24
  [279,] 0.9636425 0.5155724  24
  [280,] 0.9636425 0.5155724  24
  [281,] 0.9636425 0.5155724  24
  [282,] 0.9636425 0.5164971  24
  [283,] 1.0019270 0.5164971  24
  [284,] 0.9722251 0.5164971  24
  [285,] 0.9592937 0.5164971  25
  [286,] 0.9487903 0.5164971  24
  [287,] 0.9487903 0.5164971  24
  [288,] 0.9487903 0.5164971  24
  [289,] 0.9487903 0.5164971  24
  [290,] 0.9411361 0.5164971  24
  [291,] 0.9411361 0.5164971  24
  [292,] 0.9411361 0.5164971  24
  [293,] 0.9411361 0.5164971  24
  [294,] 0.9411361 0.5164971  24
  [295,] 0.9411361 0.5164971  24
  [296,] 0.9411361 0.5164971  24
  [297,] 0.9411361 0.5164971  24
  [298,] 0.9411361 0.5164971  24
  [299,] 0.9196344 0.5164971  24
  [300,] 0.9196344 0.5265072  24
  [301,] 0.9196344 0.5265072  24
  [302,] 0.9196344 0.5265072  24
  [303,] 0.9196344 0.5265072  24
  [304,] 0.9196344 0.5265072  24
  [305,] 0.9196344 0.5312252  24
  [306,] 0.9006902 0.5312252  24
  [307,] 0.9006902 0.5312252  24
  [308,] 0.9006902 0.5437750  24
  [309,] 0.9006902 0.5236763  24
  [310,] 0.9006902 0.5236763  24
  [311,] 0.9006902 0.5236763  24
  [312,] 0.9006902 0.5441644  24
  [313,] 0.8506250 0.5441644  24
  [314,] 0.8506250 0.5441644  24
  [315,] 0.8506250 0.5441644  24
  [316,] 0.8506250 0.5441644  24
  [317,] 0.8497390 0.5441644  24
  [318,] 0.8497390 0.5431354  24
  [319,] 0.8497390 0.5431354  24
  [320,] 0.8509646 0.5431354  24
  [321,] 0.8509646 0.5431354  24
  [322,] 0.8509646 0.5431354  24
  [323,] 0.8509646 0.5431354  24
  [324,] 0.8902122 0.5431354  24
  [325,] 0.8902122 0.5372014  24
  [326,] 0.8902122 0.5372014  24
  [327,] 0.8902122 0.5372014  24
  [328,] 0.8902122 0.5372014  24
  [329,] 0.9142289 0.5372014  24
  [330,] 0.9083580 0.5372014  24
  [331,] 0.9083580 0.5372014  24
  [332,] 0.9083580 0.5372014  24
  [333,] 0.8849806 0.5339894  24
 [ reached getOption("max.print") -- omitted 9667 rows ]

$last
$last$N
[1] 26

$last$lam0
[1] 0.4059923

$last$sigma
[1] 0.8478313

$last$S
             [,1]        [,2]
 [1,]  1.26916396  0.89138973
 [2,] -0.03065242  1.04232151
 [3,]  2.95651152  1.97674793
 [4,]  1.43139413  2.38943931
 [5,]  0.38521279  1.25123794
 [6,] -0.51644186 -0.29011527
 [7,]  3.36404489 -0.20157222
 [8,]  3.00022264  0.53845623
 [9,]  1.96703245  1.08680457
[10,]  2.63397777  0.93371415
[11,]  2.14762310  0.08695617
[12,] -0.22199800  0.02370775
[13,]  2.45752439  0.39492957
[14,]  2.79525318  2.25864234
[15,]  3.02700511  2.05638262
[16,]  1.10484680  2.45907993
[17,]  1.49314147  1.34993252
[18,]  3.54692028  2.02844517
[19,] -0.09934260  0.37055687
[20,]  2.96693632  2.30002945
[21,]  0.54848635  2.28185979
[22,]  2.34296917  0.34567050
[23,]  1.29811447 -0.25574324
[24,]  0.53355465  0.56273048
[25,]  0.06781800  1.15315825
[26,] -0.01066902 -0.33789534


$Sout
NULL

spNrj : sigma ~ unif, N ~ Negbin(),  lambda ~ unif, s ~ unif 

initial values = 1.6749 0.9618275 470 

[[1]]
[1] NA

[[2]]
[1] NA

[[3]]
[1] NA

[[4]]
[1] NA

[[5]]
[1] NA

[[6]]
[1] NA

[[7]]
[1] NA

[[8]]
[1] NA

[[9]]
[1] NA

spNrj : sigma ~ unif, N ~ Negbin(),  lambda ~ unif, s ~ unif 

initial values = 3.384364 0.5335494 324 

spNrj : sigma ~ unif, N ~ Negbin(),  lambda ~ unif, s ~ unif 

initial values = 0.7602495 0.4662012 159 

spNrj : sigma ~ unif, N ~ Negbin(),  lambda ~ unif, s ~ unif 

initial values = 0.3333207 0.6558852 97 

spNrj : sigma ~ unif, N ~ Negbin(),  lambda ~ unif, s ~ unif 

initial values = 0.6959643 0.8975137 355 

spNrj : sigma ~ unif, N ~ Negbin(),  lambda ~ unif, s ~ unif 

initial values = 1.461187 0.37945 411 

spNrj : sigma ~ unif, N ~ Negbin(),  lambda ~ unif, s ~ unif 

initial values = 3.120888 0.4460871 277 

spNrj : sigma ~ unif, N ~ Negbin(),  lambda ~ unif, s ~ unif 

initial values = 4.977201 0.3173671 130 

spNrj : sigma ~ unif, N ~ Negbin(),  lambda ~ unif, s ~ unif 

initial values = 0.8182243 0.6488129 246 

spNrj : sigma ~ unif, N ~ Negbin(),  lambda ~ unif, s ~ unif 

initial values = 2.324503 0.4787984 364 

iter 1000 22:37:51 
current = 0.2465469 0.3668381 28 
  Acceptance rates
    S = 0.02917578 
    N = 0.04333333 
    lam0 = 0.16 
    sigma = 0.05 
end of the sampling, 
iter 1000 22:37:51 
current = 0.3232345 0.2187734 27 
  Acceptance rates
    S = 0.03752606 
    N = 0.038 
    lam0 = 0.14 
    sigma = 0.07 
end of the sampling, 
iter 1000 22:37:51 
current = 0.3521267 0.3624755 20 
  Acceptance rates
    S = 0.01978764 
    N = 0.01933333 
    lam0 = 0.17 
    sigma = 0.11 
end of the sampling, 
iter 1000 22:37:51 
current = 0.3326765 0.2282907 26 
  Acceptance rates
    S = 0.02053388 
    N = 0.032 
    lam0 = 0.17 
    sigma = 0.04 
end of the sampling, 
iter 1000 22:37:52 
current = 0.3280099 0.1377734 51 
  Acceptance rates
    S = 0.0865975 
    N = 0.092 
    lam0 = 0.08 
    sigma = 0.08 
end of the sampling, 
iter 1000 22:37:53 
current = 0.2580155 0.1282082 62 
  Acceptance rates
    S = 0.1111303 
    N = 0.1306667 
    lam0 = 0.07 
    sigma = 0.09 
end of the sampling, 
iter 1000 22:37:58 
current = 0.2230095 0.08859521 120 
  Acceptance rates
    S = 0.189894 
    N = 0.27 
    lam0 = 0.1 
    sigma = 0.03 
end of the sampling, 
iter 1000 22:37:58 
current = 0.1772389 0.09736702 185 
  Acceptance rates
    S = 0.2116055 
    N = 0.3893333 
    lam0 = 0.06 
    sigma = 0.07 
end of the sampling, 
iter 1000 22:38:10 
current = 0.5570037 0.006892255 324 
  Acceptance rates
    S = 0.276142 
    N = 0 
    lam0 = 0 
    sigma = 0.21 
end of the sampling, 
spNrj : sigma ~ unif, N ~ Negbin(),  lambda ~ unif, s ~ unif 

initial values = 2.465102 0.9850251 293 

spNrj : sigma ~ unif, N ~ Negbin(),  lambda ~ unif, s ~ unif 

initial values = 2.661313 0.9293496 343 

spNrj : sigma ~ unif, N ~ Negbin(),  lambda ~ unif, s ~ unif 

initial values = 1.552673 0.2978557 382 

spNrj : sigma ~ unif, N ~ Negbin(),  lambda ~ unif, s ~ unif 

initial values = spNrj : sigma ~ unif, N ~ Negbin(),  lambda ~ unif, s ~ unif0.9430379  0.6614942 
460 


initial values = 3.636295 0.318713 144 

spNrj : sigma ~ unif, N ~ Negbin(),  lambda ~ unif, s ~ unif 

initial values = 1.405998 0.3336974 232 

spNrj : sigma ~ unif, N ~ Negbin(),  lambda ~ unif, s ~ unif 

initial values = 2.005721 0.4289918 10 

spNrj : sigma ~ unif, N ~ Negbin(),  lambda ~ unif, s ~ unif 

initial values = 1.749928 0.5348837 300 

spNrj : sigma ~ unif, N ~ Negbin(),  lambda ~ unif, s ~ unif 

initial values = 4.853906 0.3203746 376 

iter 1000 22:38:21 
current = 0.8904036 0.4813798 9 
  Acceptance rates
    S = 0.004390779 
    N = 0.003333333 
    lam0 = 0.17 
    sigma = 0.35 
end of the sampling, 
iter 1000 22:38:22 
current = 0.8614005 0.3180023 12 
  Acceptance rates
    S = 0.008312552 
    N = 0.005333333 
    lam0 = 0.1 
    sigma = 0.35 
end of the sampling, 
iter 1000 22:38:22 
current = 0.6067341 0.4122187 15 
  Acceptance rates
    S = 0.002855103 
    N = 0.003333333 
    lam0 = 0.21 
    sigma = 0.17 
end of the sampling, 
iter 1000 22:38:23 
current = 0.7068704 0.2523813 20 
  Acceptance rates
    S = 0.009309967 
    N = 0.01533333 
    lam0 = 0.06 
    sigma = 0.29 
end of the sampling, 
iter 1000 22:38:23 
current = 0.8716539 0.1977959 22 
  Acceptance rates
    S = 0.01259559 
    N = 0.008 
    lam0 = 0.05 
    sigma = 0.32 
end of the sampling, 
iter 1000 22:38:26 
current = 0.3170396 0.0924031 135 
  Acceptance rates
    S = 0.1806832 
    N = 0.282 
    lam0 = 0.01 
    sigma = 0.1 
end of the sampling, 
iter 1000 22:38:27 
current = 0.489549 0.07336899 89 
  Acceptance rates
    S = 0.1602851 
    N = 0.194 
    lam0 = 0.05 
    sigma = 0.09 
end of the sampling, 
iter 1000 22:38:51 
current = 0.3535328 0.02660231 343 
  Acceptance rates
    S = 0.284519 
    N = 0 
    lam0 = 0.02 
    sigma = 0.04 
end of the sampling, 
iter 1000 22:38:55 
current = 0.6791616 0.01062215 376 
  Acceptance rates
    S = 0.3161436 
    N = 0 
    lam0 = 0.01 
    sigma = 0.29 
end of the sampling, 
spNrj : sigma ~ unif, N ~ Negbin(),  lambda ~ unif, s ~ unif 

initial values = 3.036712 0.7255747 419 

spNrj : sigma ~ unif, N ~ Negbin(),  lambda ~ unif, s ~ unif 

initial values = 3.124852 0.5028178 315 

spNrj : sigma ~ unif, N ~ Negbin(),  lambda ~ unif, s ~ unif 

initial values = 1.817666 0.4945798 261 

spNrj : sigma ~ unif, N ~ Negbin(),  lambda ~ unif, s ~ unif 

initial values = 1.29244 0.4043678 112 

spNrj : sigma ~ unif, N ~ Negbin(),  lambda ~ unif, s ~ unif 

initial values = 0.852548 0.4101404 111 

spNrj : sigma ~ unif, N ~ Negbin(),  lambda ~ unif, s ~ unif 

initial values = 1.458402 0.6779371 18 

spNrj : sigma ~ unif, N ~ Negbin(),  lambda ~ unif, s ~ unif 

initial values = 0.1718177 0.8909834 154 

spNrj : sigma ~ unif, N ~ Negbin(),  lambda ~ unif, s ~ unif 

initial values = spNrj : sigma ~ unif, N ~ Negbin(),  lambda ~ unif, s ~ unif0.8606985  0.2224002
 343 


initial values = 3.797665 0.4847679 395 

iter 1000 22:39:07 
current = 0.8766782 0.2679729 19 
  Acceptance rates
    S = 0.00473435 
    N = 0.006666667 
    lam0 = 0.1 
    sigma = 0.44 
end of the sampling, 
iter 1000 22:39:07 
current = 0.9490001 0.2525663 20 
  Acceptance rates
    S = 0.01290963 
    N = 0.007333333 
    lam0 = 0.05 
    sigma = 0.4 
end of the sampling, 
iter 1000 22:39:07 
current = 1.058722 0.2463302 22 
  Acceptance rates
    S = 0.009936766 
    N = 0.005333333 
    lam0 = 0.07 
    sigma = 0.54 
end of the sampling, 
iter 1000 22:39:08 
current = 0.808373 0.2505985 22 
  Acceptance rates
    S = 0.01464064 
    N = 0.012 
    lam0 = 0.09 
    sigma = 0.5 
end of the sampling, 
iter 1000 22:39:08 
current = 0.936655 0.2134126 22 
  Acceptance rates
    S = 0.01298174 
    N = 0.01266667 
    lam0 = 0.11 
    sigma = 0.42 
end of the sampling, 
iter 1000 22:39:08 
current = 0.9602963 0.2662012 18 
  Acceptance rates
    S = 0.008879023 
    N = 0.004 
    lam0 = 0.07 
    sigma = 0.34 
end of the sampling, 
iter 1000 22:39:10 
current = 1.000177 0.1465709 33 
  Acceptance rates
    S = 0.0274861 
    N = 0.014 
    lam0 = 0.07 
    sigma = 0.45 
end of the sampling, 
iter 1000 22:39:14 
current = 0.2105772 0.4582781 77 
  Acceptance rates
    S = 0.07088173 
    N = 0.09866667 
    lam0 = 0.15 
    sigma = 0.04 
end of the sampling, 
iter 1000 22:39:34 
current = 0.2922279 0.05100316 343 
  Acceptance rates
    S = 0.2174052 
    N = 0 
    lam0 = 0.03 
    sigma = 0.04 
end of the sampling, 
spNrj : sigma ~ unif, N ~ Negbin(),  lambda ~ unif, s ~ unifspNrj : sigma ~ unif, N ~ Negbin(),  lambda ~ unif, s ~ unif 
 

initial values = spNrj : sigma ~ unif, N ~ Negbin(),  lambda ~ unif, s ~ unif
initial values =  4.370087
 0.145071 4.844377
initial values =347   

0.759034 357 

4.947799 0.2792608 446 

spNrj : sigma ~ unif, N ~ Negbin(),  lambda ~ unif, s ~ unif 

initial values = 1.853698 0.3165755 96 

spNrj : sigma ~ unif, N ~ Negbin(),  lambda ~ unif, s ~ unif 

initial values = 2.805969 0.2891609 179 

spNrj : sigma ~ unif, N ~ Negbin(),  lambda ~ unif, s ~ unif 

initial values = 1.100105 0.859573 235 

spNrj : sigma ~ unif, N ~ Negbin(),  lambda ~ unif, s ~ unif 

initial values = 0.9179106 0.3596614 154 

spNrj : sigma ~ unif, N ~ Negbin(),  lambda ~ unif, s ~ unif 

initial values = 2.099178 0.4179323 319 

spNrj : sigma ~ unif, N ~ Negbin(),  lambda ~ unif, s ~ unif 

initial values = 1.68714 0.1101699 95 

iter 1000 22:39:46 
current = 0.3760869 0.6006356 22 
  Acceptance rates
    S = 0.01516544 
    N = 0.02266667 
    lam0 = 0.15 
    sigma = 0.04 
end of the sampling, 
iter 1000 22:39:46 
current = 0.7500291 0.3024344 22 
  Acceptance rates
    S = 0.01085973 
    N = 0.006 
    lam0 = 0.11 
    sigma = 0.2 
end of the sampling, 
iter 1000 22:39:46 
current = 0.7533549 0.2790582 28 
  Acceptance rates
    S = 0.01223022 
    N = 0.01066667 
    lam0 = 0.12 
    sigma = 0.23 
end of the sampling, 
iter 1000 22:39:48 
current = 0.8123358 0.2403589 30 
  Acceptance rates
    S = 0.02162342 
    N = 0.004 
    lam0 = 0.07 
    sigma = 0.32 
end of the sampling, 
iter 1000 22:39:49 
current = 1.079008 0.1422585 46 
  Acceptance rates
    S = 0.06160751 
    N = 0.04 
    lam0 = 0.04 
    sigma = 0.44 
end of the sampling, 
iter 1000 22:39:51 
current = 0.7826449 0.1207108 59 
  Acceptance rates
    S = 0.07534369 
    N = 0.06133333 
    lam0 = 0.04 
    sigma = 0.21 
end of the sampling, 
iter 1000 22:40:05 
current = 1.130334 0.03173724 177 
  Acceptance rates
    S = 0.2227803 
    N = 0.3146667 
    lam0 = 0 
    sigma = 0.5 
end of the sampling, 
iter 1000 22:40:07 
current = 0.7102472 0.03406913 200 
  Acceptance rates
    S = 0.2475243 
    N = 0.3573333 
    lam0 = 0.01 
    sigma = 0.17 
end of the sampling, 
iter 1000 22:40:27 
current = 1.184498 0.01263989 446 
  Acceptance rates
    S = 0.2823767 
    N = 0 
    lam0 = 0 
    sigma = 0.48 
end of the sampling, 
spNrj : sigma ~ unif, N ~ Negbin(),  lambda ~ unif, s ~ unifspNrj : sigma ~ unif, N ~ Negbin(),  lambda ~ unif, s ~ unif 
 

initial values = 
initial values = 0.7470765 0.2838245 0.8005963 0.6029482 17 294

 

spNrj : sigma ~ unif, N ~ Negbin(),  lambda ~ unif, s ~ unif 

initial values = 0.1236764 0.9995267 347 

spNrj : sigma ~ unif, N ~ Negbin(),  lambda ~ unif, s ~ unif 

initial values = 4.587165 0.6835037 399 

spNrj : sigma ~ unif, N ~ Negbin(),  lambda ~ unif, s ~ unif 

initial values = 2.849698 0.5194325 393 

spNrj : sigma ~ unif, N ~ Negbin(),  lambda ~ unif, s ~ unif 

initial values = 3.367106 0.1878698 227 

spNrj : sigma ~ unif, N ~ Negbin(),  lambda ~ unif, s ~ unif 

initial values = 4.136049 0.9403005 296 

spNrj : sigma ~ unif, N ~ Negbin(),  lambda ~ unif, s ~ unif 

initial values = 2.063371 0.684505 368 

spNrj : sigma ~ unif, N ~ Negbin(),  lambda ~ unif, s ~ unif 

initial values = 2.058633 0.6815168 486 

iter 1000 22:40:39 
current = 0.4587412 0.4209552 16 
  Acceptance rates
    S = 0.01417129 
    N = 0.01533333 
    lam0 = 0.19 
    sigma = 0.14 
end of the sampling, 
iter 1000 22:40:39 
current = 0.5449563 0.2806874 18 
  Acceptance rates
    S = 0.020572 
    N = 0.01666667 
    lam0 = 0.11 
    sigma = 0.16 
end of the sampling, 
iter 1000 22:40:40 
current = 0.6529664 0.1183468 35 
  Acceptance rates
    S = 0.05045278 
    N = 0.04 
    lam0 = 0.04 
    sigma = 0.23 
end of the sampling, 
iter 1000 22:40:40 
current = 0.4305522 0.1027555 68 
  Acceptance rates
    S = 0.1130156 
    N = 0.09733333 
    lam0 = 0.06 
    sigma = 0.08 
end of the sampling, 
iter 1000 22:40:41 
current = 0.461437 0.1476129 38 
  Acceptance rates
    S = 0.07231801 
    N = 0.06533333 
    lam0 = 0.04 
    sigma = 0.07 
end of the sampling, 
iter 1000 22:40:41 
current = 0.3717141 0.1159839 69 
  Acceptance rates
    S = 0.1160551 
    N = 0.134 
    lam0 = 0.08 
    sigma = 0.11 
end of the sampling, 
iter 1000 22:40:45 
current = 0.2673605 0.2163532 65 
  Acceptance rates
    S = 0.08488964 
    N = 0.09733333 
    lam0 = 0.1 
    sigma = 0.06 
end of the sampling, 
iter 1000 22:41:05 
current = 0.3671713 0.03316771 231 
  Acceptance rates
    S = 0.2733148 
    N = 0.5146667 
    lam0 = 0.01 
    sigma = 0.07 
end of the sampling, 
iter 1000 22:41:08 
current = 0.1058922 0.3029063 347 
  Acceptance rates
    S = 0.2492507 
    N = 0 
    lam0 = 0.08 
    sigma = 0 
end of the sampling, 
spNrj : sigma ~ unif, N ~ Negbin(),  lambda ~ unif, s ~ unif 

initial values = 3.857709 0.3103104 176 

spNrj : sigma ~ unif, N ~ Negbin(),  lambda ~ unif, s ~ unif 

initial values = 0.9273883 0.9784266 414 

spNrj : sigma ~ unif, N ~ Negbin(),  lambda ~ unif, s ~ unif 

initial values = 3.287932 0.5650209 129 

spNrj : sigma ~ unif, N ~ Negbin(),  lambda ~ unif, s ~ unif 

initial values = 2.392479 0.4374346 85 

spNrj : sigma ~ unif, N ~ Negbin(),  lambda ~ unif, s ~ unif 

initial values = 0.751809 0.5809824 243 

spNrj : sigma ~ unif, N ~ Negbin(),  lambda ~ unif, s ~ unif 

initial values = 2.024042 0.4592109 217spNrj : sigma ~ unif, N ~ Negbin(),  lambda ~ unif, s ~ unif 

 

initial values = 3.031229 0.9730715 249 

spNrj : sigma ~ unif, N ~ Negbin(),  lambda ~ unif, s ~ unif 

initial values = 4.874466 0.6418837 210 

spNrj : sigma ~ unif, N ~ Negbin(),  lambda ~ unif, s ~ unif 

initial values = 1.978283 0.4683668 426 

iter 1000 22:41:20 
current = 0.7178052 0.6211193 14 
  Acceptance rates
    S = 0.006125574 
    N = 0.004666667 
    lam0 = 0.17 
    sigma = 0.26 
end of the sampling, 
iter 1000 22:41:20 
current = 0.5761004 0.4095009 22 
  Acceptance rates
    S = 0.009830206 
    N = 0.01 
    lam0 = 0.11 
    sigma = 0.14 
end of the sampling, 
iter 1000 22:41:20 
current = 0.7086826 0.3599569 20 
  Acceptance rates
    S = 0.007901235 
    N = 0.005333333 
    lam0 = 0.12 
    sigma = 0.24 
end of the sampling, 
iter 1000 22:41:21 
current = 0.5563918 0.2744989 32 
  Acceptance rates
    S = 0.03063584 
    N = 0.01466667 
    lam0 = 0.08 
    sigma = 0.04 
end of the sampling, 
iter 1000 22:41:22 
current = 0.371624 0.3179241 51 
  Acceptance rates
    S = 0.03690762 
    N = 0.052 
    lam0 = 0.09 
    sigma = 0.08 
end of the sampling, 
iter 1000 22:41:22 
current = 0.6609607 0.1881299 45 
  Acceptance rates
    S = 0.04464714 
    N = 0.042 
    lam0 = 0.06 
    sigma = 0.16 
end of the sampling, 
iter 1000 22:41:25 
current = 0.3409382 0.2632298 65 
  Acceptance rates
    S = 0.07953064 
    N = 0.08066667 
    lam0 = 0.13 
    sigma = 0.07 
end of the sampling, 
iter 1000 22:41:34 
current = 0.183068 0.5635648 125 
  Acceptance rates
    S = 0.08759473 
    N = 0.1226667 
    lam0 = 0.13 
    sigma = 0.03 
end of the sampling, 
iter 1000 22:41:34 
current = 0.4206197 0.06467808 214 
  Acceptance rates
    S = 0.2283784 
    N = 0.3513333 
    lam0 = 0.02 
    sigma = 0.11 
end of the sampling, 
spNrj : sigma ~ unif, N ~ Negbin(),  lambda ~ unif, s ~ unif 

initial values = 1.54506 0.1382647 422 

spNrj : sigma ~ unif, N ~ Negbin(),  lambda ~ unif, s ~ unifspNrj : sigma ~ unif, N ~ Negbin(),  lambda ~ unif, s ~ unif 
spNrj : sigma ~ unif, N ~ Negbin(),  lambda ~ unif, s ~ unif 
 
initial values =
 
initial values = 
initial values = 3.914275 3.2785950.7306365  3.397153 0.195705371  0.9399069

 98 

350 

spNrj : sigma ~ unif, N ~ Negbin(),  lambda ~ unif, s ~ unif 

initial values = 4.491442 0.7324473 115 

spNrj : sigma ~ unif, N ~ Negbin(),  lambda ~ unif, s ~ unifspNrj : sigma ~ unif, N ~ Negbin(),  lambda ~ unif, s ~ unif 
 

initial values = 
initial values = 2.112656 0.4545039 0.72996640.2559391  396359  



spNrj : sigma ~ unif, N ~ Negbin(),  lambda ~ unif, s ~ unif 

initial values = 2.809041 0.2791369 248 

spNrj : sigma ~ unif, N ~ Negbin(),  lambda ~ unif, s ~ unif 

initial values = 1.331206 0.2966834 136 

iter 1000 22:41:45 
current = 0.7623937 0.6117937 19 
  Acceptance rates
    S = 0.006276151 
    N = 0.008 
    lam0 = 0.15 
    sigma = 0.14 
end of the sampling, 
iter 1000 22:41:46 
current = 0.6709662 0.4509898 27 
  Acceptance rates
    S = 0.01366322 
    N = 0.006666667 
    lam0 = 0.12 
    sigma = 0.15 
end of the sampling, 
iter 1000 22:41:47 
current = 0.7640115 0.5785191 21 
  Acceptance rates
    S = 0.009447331 
    N = 0.006666667 
    lam0 = 0.17 
    sigma = 0.12 
end of the sampling, 
iter 1000 22:41:47 
current = 0.6250024 0.3844892 38 
  Acceptance rates
    S = 0.01810189 
    N = 0.026 
    lam0 = 0.11 
    sigma = 0.14 
end of the sampling, 
iter 1000 22:41:49 
current = 0.6770959 0.221533 59 
  Acceptance rates
    S = 0.06617065 
    N = 0.056 
    lam0 = 0.08 
    sigma = 0.09 
end of the sampling, 
iter 1000 22:41:51 
current = 0.4975601 0.1746402 101 
  Acceptance rates
    S = 0.1201139 
    N = 0.102 
    lam0 = 0.04 
    sigma = 0.12 
end of the sampling, 
iter 1000 22:41:52 
current = 0.6690506 0.1598116 80 
  Acceptance rates
    S = 0.1026802 
    N = 0.076 
    lam0 = 0.05 
    sigma = 0.08 
end of the sampling, 
iter 1000 22:42:08 
current = 0.4274074 0.07760903 275 
  Acceptance rates
    S = 0.2464767 
    N = 0.3853333 
    lam0 = 0 
    sigma = 0.04 
end of the sampling, 
iter 1000 22:42:14 
current = 0.2678593 0.1841575 261 
  Acceptance rates
    S = 0.2184811 
    N = 0.3226667 
    lam0 = 0.04 
    sigma = 0.05 
end of the sampling, 
spNrj : sigma ~ unif, N ~ Negbin(),  lambda ~ unif, s ~ unifspNrj : sigma ~ unif, N ~ Negbin(),  lambda ~ unif, s ~ unif 
 

initial values = 
initial values = 4.4108033.792037  0.75748990.2759932  72114  



spNrj : sigma ~ unif, N ~ Negbin(),  lambda ~ unif, s ~ unif 

initial values = 3.123931 0.8925478 94 

spNrj : sigma ~ unif, N ~ Negbin(),  lambda ~ unif, s ~ unif 

initial values = 0.8891086 0.8794997 71 

spNrj : sigma ~ unif, N ~ Negbin(),  lambda ~ unif, s ~ unif 

initial values = 3.264698 0.6068823 177 

spNrj : sigma ~ unif, N ~ Negbin(),  lambda ~ unif, s ~ unif 

initial values = 2.327957 0.7765965 290 

spNrj : sigma ~ unif, N ~ Negbin(),  lambda ~ unif, s ~ unif 

initial values = 3.604589 0.8816099 303 

spNrj : sigma ~ unif, N ~ Negbin(),  lambda ~ unif, s ~ unif 

initial values = 0.163462 0.5007679 424 

spNrj : sigma ~ unif, N ~ Negbin(),  lambda ~ unif, s ~ unif 

initial values = 0.04729477 0.8765375 89 

iter 1000 22:42:25 
current = 0.4502531 0.9938977 25 
  Acceptance rates
    S = 0.004778973 
    N = 0.01133333 
    lam0 = 0.07 
    sigma = 0.05 
end of the sampling, 
iter 1000 22:42:26 
current = 0.7074155 0.7080517 23 
  Acceptance rates
    S = 0.003036876 
    N = 0.008 
    lam0 = 0.14 
    sigma = 0.11 
end of the sampling, 
iter 1000 22:42:26 
current = 1.18351 0.6198335 21 
  Acceptance rates
    S = 0.003791469 
    N = 0.005333333 
    lam0 = 0.12 
    sigma = 0.37 
end of the sampling, 
iter 1000 22:42:26 
current = 1.077427 0.4255286 30 
  Acceptance rates
    S = 0.01213282 
    N = 0.01066667 
    lam0 = 0.1 
    sigma = 0.35 
end of the sampling, 
iter 1000 22:42:27 
current = 0.8590456 0.4828841 35 
  Acceptance rates
    S = 0.01214095 
    N = 0.01533333 
    lam0 = 0.07 
    sigma = 0.25 
end of the sampling, 
iter 1000 22:42:27 
current = 0.9204179 0.3636699 40 
  Acceptance rates
    S = 0.01639344 
    N = 0.009333333 
    lam0 = 0.08 
    sigma = 0.18 
end of the sampling, 
iter 1000 22:42:28 
current = 0.7526646 0.3530657 47 
  Acceptance rates
    S = 0.02075227 
    N = 0.01466667 
    lam0 = 0.03 
    sigma = 0.18 
end of the sampling, 
spNrj : sigma ~ unif, N ~ Negbin(),  lambda ~ unif, s ~ unif 

initial values = 0.1045142 0.9605505 262 

spNrj : sigma ~ unif, N ~ Negbin(),  lambda ~ unif, s ~ unif 

initial values = 4.23437 0.4255179 196 

spNrj : sigma ~ unif, N ~ Negbin(),  lambda ~ unif, s ~ unif 

initial values = 0.07272574 0.2565368 123 

spNrj : sigma ~ unif, N ~ Negbin(),  lambda ~ unif, s ~ unif 

initial values = 3.69317 0.35675 382 

spNrj : sigma ~ unif, N ~ Negbin(),  lambda ~ unif, s ~ unif 

initial values = 4.124795 0.4918079 334 

spNrj : sigma ~ unif, N ~ Negbin(),  lambda ~ unif, s ~ unif 

initial values = 1.640162 0.4560703 118 

spNrj : sigma ~ unif, N ~ Negbin(),  lambda ~ unif, s ~ unif 

initial values = 2.407014 0.2359322 467 

spNrj : sigma ~ unif, N ~ Negbin(),  lambda ~ unif, s ~ unif 

initial values = 2.36557 0.9308791 322 

spNrj : sigma ~ unif, N ~ Negbin(),  lambda ~ unif, s ~ unif 

initial values = 0.1204365 0.8294382 260 

iter 1000 22:43:07 
current = 0.3102415 0.3570489 14 
  Acceptance rates
    S = 0.02569043 
    N = 0.036 
    lam0 = 0.21 
    sigma = 0.07 
end of the sampling, 
iter 1000 22:43:08 
current = 0.9519817 0.1632147 13 
  Acceptance rates
    S = 0.02067381 
    N = 0.008666667 
    lam0 = 0.04 
    sigma = 0.39 
end of the sampling, 
iter 1000 22:43:08 
current = 0.7550792 0.1354259 18 
  Acceptance rates
    S = 0.02512026 
    N = 0.008666667 
    lam0 = 0.06 
    sigma = 0.46 
end of the sampling, 
iter 1000 22:43:08 
current = 0.7650202 0.1090984 19 
  Acceptance rates
    S = 0.02079912 
    N = 0.01533333 
    lam0 = 0.07 
    sigma = 0.41 
end of the sampling, 
iter 1000 22:43:28 
current = 0.1270618 0.1922767 219 
  Acceptance rates
    S = 0.2322185 
    N = 0.3933333 
    lam0 = 0.05 
    sigma = 0.03 
end of the sampling, 
iter 1000 22:43:28 
current = 0.09342952 0.339487 219 
  Acceptance rates
    S = 0.2301365 
    N = 0.39 
    lam0 = 0.17 
    sigma = 0.04 
end of the sampling, 
iter 1000 22:43:33 
current = 1.013562 0.004342238 382 
  Acceptance rates
    S = 0.2867539 
    N = 0 
    lam0 = 0 
    sigma = 0.55 
end of the sampling, 
iter 1000 22:43:47 
current = 0.08997187 0.1887165 410 
  Acceptance rates
    S = 0.2596039 
    N = 0.5386667 
    lam0 = 0.1 
    sigma = 0.01 
end of the sampling, 
iter 1000 22:43:48 
current = 0.2840983 0.01310668 568 
  Acceptance rates
    S = 0.2736374 
    N = 0.6913333 
    lam0 = 0 
    sigma = 0.07 
end of the sampling, 
